<?xml version="1.0" encoding="UTF-8"?>
<!-- Generated by org.testng.reporters.JUnitXMLReporter -->
<testsuite ignored="0" hostname="DESKTOP-3BNLRUB" failures="0" tests="3" name="Default test" time="9.517" errors="0" timestamp="2023-07-06T16:38:02 IST">
  <testcase classname="tests.Login" name="testLogin" time="0.007">
    <skipped/>
  </testcase> <!-- testLogin -->
  <testcase classname="tests.Login" name="testLogin" time="8.347"/>
  <testcase classname="tests.Login" name="testLogin" time="0.002">
    <skipped/>
  </testcase> <!-- testLogin -->
</testsuite> <!-- Default test -->
